30-Nov-2022 02:12:25.969 INFO [main] org.apache.catalina.core.ApplicationContext.log ContextListener: contextInitialized()
30-Nov-2022 02:12:25.969 INFO [main] org.apache.catalina.core.ApplicationContext.log SessionListener: contextInitialized()
30-Nov-2022 02:12:25.974 INFO [main] org.apache.catalina.core.ApplicationContext.log ContextListener: attributeAdded('StockTicker', 'async.Stockticker@140c9f39')
30-Nov-2022 02:22:49.636 INFO [Thread-2] org.apache.catalina.core.ApplicationContext.log SessionListener: contextDestroyed()
30-Nov-2022 02:22:49.637 INFO [Thread-2] org.apache.catalina.core.ApplicationContext.log ContextListener: contextDestroyed()
30-Nov-2022 02:22:55.710 INFO [main] org.apache.catalina.core.ApplicationContext.log ContextListener: contextInitialized()
30-Nov-2022 02:22:55.713 INFO [main] org.apache.catalina.core.ApplicationContext.log SessionListener: contextInitialized()
30-Nov-2022 02:22:55.716 INFO [main] org.apache.catalina.core.ApplicationContext.log ContextListener: attributeAdded('StockTicker', 'async.Stockticker@71ba6d4e')
30-Nov-2022 02:24:48.491 INFO [Thread-2] org.apache.catalina.core.ApplicationContext.log SessionListener: contextDestroyed()
30-Nov-2022 02:24:48.501 INFO [Thread-2] org.apache.catalina.core.ApplicationContext.log ContextListener: contextDestroyed()
30-Nov-2022 02:24:53.637 INFO [main] org.apache.catalina.core.ApplicationContext.log ContextListener: contextInitialized()
30-Nov-2022 02:24:53.639 INFO [main] org.apache.catalina.core.ApplicationContext.log SessionListener: contextInitialized()
30-Nov-2022 02:24:53.643 INFO [main] org.apache.catalina.core.ApplicationContext.log ContextListener: attributeAdded('StockTicker', 'async.Stockticker@71ba6d4e')
30-Nov-2022 02:26:37.905 INFO [Thread-2] org.apache.catalina.core.ApplicationContext.log SessionListener: contextDestroyed()
30-Nov-2022 02:26:37.905 INFO [Thread-2] org.apache.catalina.core.ApplicationContext.log ContextListener: contextDestroyed()
30-Nov-2022 02:26:58.937 INFO [main] org.apache.catalina.core.ApplicationContext.log ContextListener: contextInitialized()
30-Nov-2022 02:26:58.944 INFO [main] org.apache.catalina.core.ApplicationContext.log SessionListener: contextInitialized()
30-Nov-2022 02:26:58.952 INFO [main] org.apache.catalina.core.ApplicationContext.log ContextListener: attributeAdded('StockTicker', 'async.Stockticker@71ba6d4e')
30-Nov-2022 02:27:55.543 INFO [Thread-2] org.apache.catalina.core.ApplicationContext.log SessionListener: contextDestroyed()
30-Nov-2022 02:27:55.543 INFO [Thread-2] org.apache.catalina.core.ApplicationContext.log ContextListener: contextDestroyed()
30-Nov-2022 02:28:01.381 INFO [main] org.apache.catalina.core.ApplicationContext.log ContextListener: contextInitialized()
30-Nov-2022 02:28:01.384 INFO [main] org.apache.catalina.core.ApplicationContext.log SessionListener: contextInitialized()
30-Nov-2022 02:28:01.389 INFO [main] org.apache.catalina.core.ApplicationContext.log ContextListener: attributeAdded('StockTicker', 'async.Stockticker@4145bad8')
30-Nov-2022 02:50:02.985 INFO [Thread-2] org.apache.catalina.core.ApplicationContext.log SessionListener: contextDestroyed()
30-Nov-2022 02:50:02.986 INFO [Thread-2] org.apache.catalina.core.ApplicationContext.log ContextListener: contextDestroyed()
30-Nov-2022 02:50:07.410 INFO [main] org.apache.catalina.core.ApplicationContext.log ContextListener: contextInitialized()
30-Nov-2022 02:50:07.412 INFO [main] org.apache.catalina.core.ApplicationContext.log SessionListener: contextInitialized()
30-Nov-2022 02:50:07.416 INFO [main] org.apache.catalina.core.ApplicationContext.log ContextListener: attributeAdded('StockTicker', 'async.Stockticker@1a6d8329')
30-Nov-2022 03:05:51.033 INFO [Thread-2] org.apache.catalina.core.ApplicationContext.log SessionListener: contextDestroyed()
30-Nov-2022 03:05:51.034 INFO [Thread-2] org.apache.catalina.core.ApplicationContext.log ContextListener: contextDestroyed()
30-Nov-2022 03:16:04.725 INFO [main] org.apache.catalina.core.ApplicationContext.log ContextListener: contextInitialized()
30-Nov-2022 03:16:04.729 INFO [main] org.apache.catalina.core.ApplicationContext.log SessionListener: contextInitialized()
30-Nov-2022 03:16:04.734 INFO [main] org.apache.catalina.core.ApplicationContext.log ContextListener: attributeAdded('StockTicker', 'async.Stockticker@1a6d8329')
30-Nov-2022 03:16:59.664 INFO [Thread-2] org.apache.catalina.core.ApplicationContext.log SessionListener: contextDestroyed()
30-Nov-2022 03:16:59.665 INFO [Thread-2] org.apache.catalina.core.ApplicationContext.log ContextListener: contextDestroyed()
30-Nov-2022 03:17:19.094 INFO [main] org.apache.catalina.core.ApplicationContext.log ContextListener: contextInitialized()
30-Nov-2022 03:17:19.094 INFO [main] org.apache.catalina.core.ApplicationContext.log SessionListener: contextInitialized()
30-Nov-2022 03:17:19.102 INFO [main] org.apache.catalina.core.ApplicationContext.log ContextListener: attributeAdded('StockTicker', 'async.Stockticker@738dc9b')
30-Nov-2022 03:18:37.878 INFO [Thread-2] org.apache.catalina.core.ApplicationContext.log SessionListener: contextDestroyed()
30-Nov-2022 03:18:37.878 INFO [Thread-2] org.apache.catalina.core.ApplicationContext.log ContextListener: contextDestroyed()
30-Nov-2022 03:18:46.254 INFO [main] org.apache.catalina.core.ApplicationContext.log ContextListener: contextInitialized()
30-Nov-2022 03:18:46.256 INFO [main] org.apache.catalina.core.ApplicationContext.log SessionListener: contextInitialized()
30-Nov-2022 03:18:46.265 INFO [main] org.apache.catalina.core.ApplicationContext.log ContextListener: attributeAdded('StockTicker', 'async.Stockticker@63376bed')
30-Nov-2022 03:18:47.121 INFO [Thread-2] org.apache.catalina.core.ApplicationContext.log SessionListener: contextDestroyed()
30-Nov-2022 03:18:47.121 INFO [Thread-2] org.apache.catalina.core.ApplicationContext.log ContextListener: contextDestroyed()
30-Nov-2022 03:19:08.136 INFO [main] org.apache.catalina.core.ApplicationContext.log ContextListener: contextInitialized()
30-Nov-2022 03:19:08.136 INFO [main] org.apache.catalina.core.ApplicationContext.log SessionListener: contextInitialized()
30-Nov-2022 03:19:08.139 INFO [main] org.apache.catalina.core.ApplicationContext.log ContextListener: attributeAdded('StockTicker', 'async.Stockticker@738dc9b')
30-Nov-2022 03:19:55.132 INFO [Thread-2] org.apache.catalina.core.ApplicationContext.log SessionListener: contextDestroyed()
30-Nov-2022 03:19:55.132 INFO [Thread-2] org.apache.catalina.core.ApplicationContext.log ContextListener: contextDestroyed()
30-Nov-2022 03:20:11.128 INFO [main] org.apache.catalina.core.ApplicationContext.log ContextListener: contextInitialized()
30-Nov-2022 03:20:11.128 INFO [main] org.apache.catalina.core.ApplicationContext.log SessionListener: contextInitialized()
30-Nov-2022 03:20:11.129 INFO [main] org.apache.catalina.core.ApplicationContext.log ContextListener: attributeAdded('StockTicker', 'async.Stockticker@71ba6d4e')
30-Nov-2022 03:25:22.473 INFO [Thread-2] org.apache.catalina.core.ApplicationContext.log SessionListener: contextDestroyed()
30-Nov-2022 03:25:22.473 INFO [Thread-2] org.apache.catalina.core.ApplicationContext.log ContextListener: contextDestroyed()
30-Nov-2022 03:25:33.648 INFO [main] org.apache.catalina.core.ApplicationContext.log ContextListener: contextInitialized()
30-Nov-2022 03:25:33.655 INFO [main] org.apache.catalina.core.ApplicationContext.log SessionListener: contextInitialized()
30-Nov-2022 03:25:33.664 INFO [main] org.apache.catalina.core.ApplicationContext.log ContextListener: attributeAdded('StockTicker', 'async.Stockticker@55a147cc')
30-Nov-2022 03:34:13.123 INFO [Thread-2] org.apache.catalina.core.ApplicationContext.log SessionListener: contextDestroyed()
30-Nov-2022 03:34:13.123 INFO [Thread-2] org.apache.catalina.core.ApplicationContext.log ContextListener: contextDestroyed()
30-Nov-2022 03:39:58.174 INFO [main] org.apache.catalina.core.ApplicationContext.log ContextListener: contextInitialized()
30-Nov-2022 03:39:58.174 INFO [main] org.apache.catalina.core.ApplicationContext.log SessionListener: contextInitialized()
30-Nov-2022 03:39:58.182 INFO [main] org.apache.catalina.core.ApplicationContext.log ContextListener: attributeAdded('StockTicker', 'async.Stockticker@4681c175')
30-Nov-2022 03:42:48.453 INFO [Thread-2] org.apache.catalina.core.ApplicationContext.log SessionListener: contextDestroyed()
30-Nov-2022 03:42:48.453 INFO [Thread-2] org.apache.catalina.core.ApplicationContext.log ContextListener: contextDestroyed()
30-Nov-2022 12:07:55.329 INFO [main] org.apache.catalina.core.ApplicationContext.log ContextListener: contextInitialized()
30-Nov-2022 12:07:55.331 INFO [main] org.apache.catalina.core.ApplicationContext.log SessionListener: contextInitialized()
30-Nov-2022 12:07:55.336 INFO [main] org.apache.catalina.core.ApplicationContext.log ContextListener: attributeAdded('StockTicker', 'async.Stockticker@4681c175')
30-Nov-2022 12:09:30.077 INFO [Thread-2] org.apache.catalina.core.ApplicationContext.log SessionListener: contextDestroyed()
30-Nov-2022 12:09:30.078 INFO [Thread-2] org.apache.catalina.core.ApplicationContext.log ContextListener: contextDestroyed()
30-Nov-2022 12:09:36.645 INFO [main] org.apache.catalina.core.ApplicationContext.log ContextListener: contextInitialized()
30-Nov-2022 12:09:36.648 INFO [main] org.apache.catalina.core.ApplicationContext.log SessionListener: contextInitialized()
30-Nov-2022 12:09:36.655 INFO [main] org.apache.catalina.core.ApplicationContext.log ContextListener: attributeAdded('StockTicker', 'async.Stockticker@1750fbeb')
30-Nov-2022 12:10:00.165 INFO [Thread-2] org.apache.catalina.core.ApplicationContext.log SessionListener: contextDestroyed()
30-Nov-2022 12:10:00.165 INFO [Thread-2] org.apache.catalina.core.ApplicationContext.log ContextListener: contextDestroyed()
30-Nov-2022 12:10:12.925 INFO [main] org.apache.catalina.core.ApplicationContext.log ContextListener: contextInitialized()
30-Nov-2022 12:10:12.931 INFO [main] org.apache.catalina.core.ApplicationContext.log SessionListener: contextInitialized()
30-Nov-2022 12:10:12.939 INFO [main] org.apache.catalina.core.ApplicationContext.log ContextListener: attributeAdded('StockTicker', 'async.Stockticker@1750fbeb')
30-Nov-2022 12:12:07.936 INFO [Thread-2] org.apache.catalina.core.ApplicationContext.log SessionListener: contextDestroyed()
30-Nov-2022 12:12:07.937 INFO [Thread-2] org.apache.catalina.core.ApplicationContext.log ContextListener: contextDestroyed()
30-Nov-2022 12:12:14.957 INFO [main] org.apache.catalina.core.ApplicationContext.log ContextListener: contextInitialized()
30-Nov-2022 12:12:14.959 INFO [main] org.apache.catalina.core.ApplicationContext.log SessionListener: contextInitialized()
30-Nov-2022 12:12:14.966 INFO [main] org.apache.catalina.core.ApplicationContext.log ContextListener: attributeAdded('StockTicker', 'async.Stockticker@1750fbeb')
30-Nov-2022 12:13:41.929 INFO [Thread-2] org.apache.catalina.core.ApplicationContext.log SessionListener: contextDestroyed()
30-Nov-2022 12:13:41.936 INFO [Thread-2] org.apache.catalina.core.ApplicationContext.log ContextListener: contextDestroyed()
30-Nov-2022 12:14:59.187 INFO [main] org.apache.catalina.core.ApplicationContext.log ContextListener: contextInitialized()
30-Nov-2022 12:14:59.193 INFO [main] org.apache.catalina.core.ApplicationContext.log SessionListener: contextInitialized()
30-Nov-2022 12:14:59.202 INFO [main] org.apache.catalina.core.ApplicationContext.log ContextListener: attributeAdded('StockTicker', 'async.Stockticker@1750fbeb')
30-Nov-2022 12:15:32.993 INFO [Thread-2] org.apache.catalina.core.ApplicationContext.log SessionListener: contextDestroyed()
30-Nov-2022 12:15:32.995 INFO [Thread-2] org.apache.catalina.core.ApplicationContext.log ContextListener: contextDestroyed()
30-Nov-2022 12:15:39.414 INFO [main] org.apache.catalina.core.ApplicationContext.log ContextListener: contextInitialized()
30-Nov-2022 12:15:39.415 INFO [main] org.apache.catalina.core.ApplicationContext.log SessionListener: contextInitialized()
30-Nov-2022 12:15:39.420 INFO [main] org.apache.catalina.core.ApplicationContext.log ContextListener: attributeAdded('StockTicker', 'async.Stockticker@1750fbeb')
30-Nov-2022 12:16:55.282 INFO [Thread-2] org.apache.catalina.core.ApplicationContext.log SessionListener: contextDestroyed()
30-Nov-2022 12:16:55.282 INFO [Thread-2] org.apache.catalina.core.ApplicationContext.log ContextListener: contextDestroyed()
30-Nov-2022 12:17:08.563 INFO [main] org.apache.catalina.core.ApplicationContext.log ContextListener: contextInitialized()
30-Nov-2022 12:17:08.564 INFO [main] org.apache.catalina.core.ApplicationContext.log SessionListener: contextInitialized()
30-Nov-2022 12:17:08.570 INFO [main] org.apache.catalina.core.ApplicationContext.log ContextListener: attributeAdded('StockTicker', 'async.Stockticker@1750fbeb')
30-Nov-2022 12:17:45.929 INFO [Thread-2] org.apache.catalina.core.ApplicationContext.log SessionListener: contextDestroyed()
30-Nov-2022 12:17:45.929 INFO [Thread-2] org.apache.catalina.core.ApplicationContext.log ContextListener: contextDestroyed()
30-Nov-2022 12:17:56.610 INFO [main] org.apache.catalina.core.ApplicationContext.log ContextListener: contextInitialized()
30-Nov-2022 12:17:56.612 INFO [main] org.apache.catalina.core.ApplicationContext.log SessionListener: contextInitialized()
30-Nov-2022 12:17:56.616 INFO [main] org.apache.catalina.core.ApplicationContext.log ContextListener: attributeAdded('StockTicker', 'async.Stockticker@1750fbeb')
30-Nov-2022 12:26:37.868 INFO [Catalina-utility-2] org.apache.catalina.core.ApplicationContext.log SessionListener: contextDestroyed()
30-Nov-2022 12:26:37.869 INFO [Catalina-utility-2] org.apache.catalina.core.ApplicationContext.log ContextListener: contextDestroyed()
30-Nov-2022 12:26:38.423 INFO [Catalina-utility-2] org.apache.catalina.core.ApplicationContext.log ContextListener: contextInitialized()
30-Nov-2022 12:26:38.423 INFO [Catalina-utility-2] org.apache.catalina.core.ApplicationContext.log SessionListener: contextInitialized()
30-Nov-2022 12:26:38.427 INFO [Catalina-utility-2] org.apache.catalina.core.ApplicationContext.log ContextListener: attributeAdded('StockTicker', 'async.Stockticker@6d98d4c5')
30-Nov-2022 12:27:38.653 INFO [Catalina-utility-1] org.apache.catalina.core.ApplicationContext.log SessionListener: contextDestroyed()
30-Nov-2022 12:27:38.655 INFO [Catalina-utility-1] org.apache.catalina.core.ApplicationContext.log ContextListener: contextDestroyed()
30-Nov-2022 12:27:39.430 INFO [Catalina-utility-1] org.apache.catalina.core.ApplicationContext.log ContextListener: contextInitialized()
30-Nov-2022 12:27:39.431 INFO [Catalina-utility-1] org.apache.catalina.core.ApplicationContext.log SessionListener: contextInitialized()
30-Nov-2022 12:27:39.434 INFO [Catalina-utility-1] org.apache.catalina.core.ApplicationContext.log ContextListener: attributeAdded('StockTicker', 'async.Stockticker@3d37d982')
30-Nov-2022 12:32:00.463 INFO [Thread-2] org.apache.catalina.core.ApplicationContext.log SessionListener: contextDestroyed()
30-Nov-2022 12:32:00.463 INFO [Thread-2] org.apache.catalina.core.ApplicationContext.log ContextListener: contextDestroyed()
30-Nov-2022 12:32:05.728 INFO [main] org.apache.catalina.core.ApplicationContext.log ContextListener: contextInitialized()
30-Nov-2022 12:32:05.729 INFO [main] org.apache.catalina.core.ApplicationContext.log SessionListener: contextInitialized()
30-Nov-2022 12:32:05.736 INFO [main] org.apache.catalina.core.ApplicationContext.log ContextListener: attributeAdded('StockTicker', 'async.Stockticker@1750fbeb')
30-Nov-2022 12:40:52.932 INFO [Thread-2] org.apache.catalina.core.ApplicationContext.log SessionListener: contextDestroyed()
30-Nov-2022 12:40:52.932 INFO [Thread-2] org.apache.catalina.core.ApplicationContext.log ContextListener: contextDestroyed()
30-Nov-2022 12:41:01.037 INFO [main] org.apache.catalina.core.ApplicationContext.log ContextListener: contextInitialized()
30-Nov-2022 12:41:01.037 INFO [main] org.apache.catalina.core.ApplicationContext.log SessionListener: contextInitialized()
30-Nov-2022 12:41:01.042 INFO [main] org.apache.catalina.core.ApplicationContext.log ContextListener: attributeAdded('StockTicker', 'async.Stockticker@2ab4bc72')
30-Nov-2022 12:45:26.259 INFO [Thread-2] org.apache.catalina.core.ApplicationContext.log SessionListener: contextDestroyed()
30-Nov-2022 12:45:26.259 INFO [Thread-2] org.apache.catalina.core.ApplicationContext.log ContextListener: contextDestroyed()
30-Nov-2022 12:45:33.907 INFO [main] org.apache.catalina.core.ApplicationContext.log ContextListener: contextInitialized()
30-Nov-2022 12:45:33.911 INFO [main] org.apache.catalina.core.ApplicationContext.log SessionListener: contextInitialized()
30-Nov-2022 12:45:33.917 INFO [main] org.apache.catalina.core.ApplicationContext.log ContextListener: attributeAdded('StockTicker', 'async.Stockticker@2ab4bc72')
30-Nov-2022 12:48:55.676 INFO [Thread-2] org.apache.catalina.core.ApplicationContext.log SessionListener: contextDestroyed()
30-Nov-2022 12:48:55.677 INFO [Thread-2] org.apache.catalina.core.ApplicationContext.log ContextListener: contextDestroyed()
30-Nov-2022 12:49:09.848 INFO [main] org.apache.catalina.core.ApplicationContext.log 1 Spring WebApplicationInitializers detected on classpath
30-Nov-2022 12:49:11.334 INFO [main] org.apache.catalina.core.ApplicationContext.log ContextListener: contextInitialized()
30-Nov-2022 12:49:11.345 INFO [main] org.apache.catalina.core.ApplicationContext.log SessionListener: contextInitialized()
30-Nov-2022 12:49:11.354 INFO [main] org.apache.catalina.core.ApplicationContext.log ContextListener: attributeAdded('StockTicker', 'async.Stockticker@278d2891')
30-Nov-2022 12:55:21.388 INFO [Thread-2] org.apache.catalina.core.ApplicationContext.log SessionListener: contextDestroyed()
30-Nov-2022 12:55:21.389 INFO [Thread-2] org.apache.catalina.core.ApplicationContext.log ContextListener: contextDestroyed()
30-Nov-2022 12:55:28.617 INFO [main] org.apache.catalina.core.ApplicationContext.log ContextListener: contextInitialized()
30-Nov-2022 12:55:28.621 INFO [main] org.apache.catalina.core.ApplicationContext.log SessionListener: contextInitialized()
30-Nov-2022 12:55:28.625 INFO [main] org.apache.catalina.core.ApplicationContext.log ContextListener: attributeAdded('StockTicker', 'async.Stockticker@2ab4bc72')
30-Nov-2022 12:56:03.342 INFO [Thread-2] org.apache.catalina.core.ApplicationContext.log SessionListener: contextDestroyed()
30-Nov-2022 12:56:03.343 INFO [Thread-2] org.apache.catalina.core.ApplicationContext.log ContextListener: contextDestroyed()
30-Nov-2022 12:56:15.229 INFO [main] org.apache.catalina.core.ApplicationContext.log ContextListener: contextInitialized()
30-Nov-2022 12:56:15.229 INFO [main] org.apache.catalina.core.ApplicationContext.log SessionListener: contextInitialized()
30-Nov-2022 12:56:15.239 INFO [main] org.apache.catalina.core.ApplicationContext.log ContextListener: attributeAdded('StockTicker', 'async.Stockticker@2ab4bc72')
